[0m09:48:24.437096 [debug] [MainThread]: Sending event: {'category': 'dbt', 'action': 'invocation', 'label': 'start', 'context': [<snowplow_tracker.self_describing_json.SelfDescribingJson object at 0x7f3ef80e1a30>, <snowplow_tracker.self_describing_json.SelfDescribingJson object at 0x7f3ef83bcb60>, <snowplow_tracker.self_describing_json.SelfDescribingJson object at 0x7f3ef85a69c0>]}


============================== 09:48:24.460110 | 1205cc0a-470a-42ea-badb-94c2bcc2f5f8 ==============================
[0m09:48:24.460110 [info ] [MainThread]: Running with dbt=1.7.0
[0m09:48:24.466045 [debug] [MainThread]: running dbt with arguments {'printer_width': '80', 'indirect_selection': 'eager', 'write_json': 'True', 'log_cache_events': 'False', 'partial_parse': 'True', 'cache_selected_only': 'False', 'warn_error': 'None', 'version_check': 'True', 'debug': 'False', 'log_path': 'logs', 'fail_fast': 'False', 'profiles_dir': '/home/vscode/.dbt', 'use_colors': 'True', 'use_experimental_parser': 'False', 'no_print': 'None', 'quiet': 'False', 'warn_error_options': 'WarnErrorOptions(include=[], exclude=[])', 'invocation_command': 'dbt init f1', 'introspect': 'True', 'static_parser': 'True', 'target_path': 'None', 'log_format': 'default', 'send_anonymous_usage_stats': 'True'}
[0m09:48:24.471500 [warn ] [MainThread]: [ConfigFolderDirectory]: Unable to parse dict {'dir': PosixPath('/home/vscode/.dbt')}
[0m09:48:24.473578 [info ] [MainThread]: Creating dbt configuration folder at 
[0m09:48:24.496895 [debug] [MainThread]: Starter project path: /home/vscode/.local/lib/python3.12/site-packages/dbt/include/starter_project
[0m09:48:24.746842 [info ] [MainThread]: 
Your new dbt project "f1" was created!

For more information on how to configure the profiles.yml file,
please consult the dbt documentation here:

  https://docs.getdbt.com/docs/configure-your-profile

One more thing:

Need help? Don't hesitate to reach out to us via GitHub issues or on Slack:

  https://community.getdbt.com/

Happy modeling!

[0m09:48:24.748544 [info ] [MainThread]: Setting up your profile.
[0m09:48:29.437861 [info ] [MainThread]: Profile f1 written to /home/vscode/.dbt/profiles.yml using target's sample configuration. Once updated, you'll be able to start developing with dbt.
[0m09:48:29.441142 [debug] [MainThread]: Resource report: {"command_name": "init", "command_success": true, "command_wall_clock_time": 5.0200844, "process_user_time": 2.987278, "process_kernel_time": 0.199151, "process_mem_max_rss": "97420", "process_out_blocks": "8", "process_in_blocks": "0"}
[0m09:48:29.443483 [debug] [MainThread]: Command `dbt init` succeeded at 09:48:29.443139 after 5.02 seconds
[0m09:48:29.445620 [debug] [MainThread]: Sending event: {'category': 'dbt', 'action': 'invocation', 'label': 'end', 'context': [<snowplow_tracker.self_describing_json.SelfDescribingJson object at 0x7f3ef83be780>, <snowplow_tracker.self_describing_json.SelfDescribingJson object at 0x7f3ef80f5250>, <snowplow_tracker.self_describing_json.SelfDescribingJson object at 0x7f3efbeaae40>]}
[0m09:48:29.447617 [debug] [MainThread]: Flushing usage events
[0m13:22:17.584123 [debug] [MainThread]: Sending event: {'category': 'dbt', 'action': 'invocation', 'label': 'start', 'context': [<snowplow_tracker.self_describing_json.SelfDescribingJson object at 0x7fe385646600>, <snowplow_tracker.self_describing_json.SelfDescribingJson object at 0x7fe385b47680>, <snowplow_tracker.self_describing_json.SelfDescribingJson object at 0x7fe385a30fb0>]}


============================== 13:22:17.592550 | d880d246-2610-40ff-9b33-ef95cae35924 ==============================
[0m13:22:17.592550 [info ] [MainThread]: Running with dbt=1.7.0
[0m13:22:17.594538 [debug] [MainThread]: running dbt with arguments {'printer_width': '80', 'indirect_selection': 'eager', 'log_cache_events': 'False', 'write_json': 'True', 'partial_parse': 'True', 'cache_selected_only': 'False', 'warn_error': 'None', 'debug': 'False', 'fail_fast': 'False', 'log_path': 'logs', 'version_check': 'True', 'profiles_dir': '/home/vscode/.dbt', 'use_colors': 'True', 'use_experimental_parser': 'False', 'no_print': 'None', 'quiet': 'False', 'warn_error_options': 'WarnErrorOptions(include=[], exclude=[])', 'introspect': 'True', 'log_format': 'default', 'static_parser': 'True', 'target_path': 'None', 'invocation_command': 'dbt debug', 'send_anonymous_usage_stats': 'True'}
[0m13:22:17.596826 [info ] [MainThread]: dbt version: 1.7.0
[0m13:22:17.598433 [info ] [MainThread]: python version: 3.12.1
[0m13:22:17.600146 [info ] [MainThread]: python path: /usr/local/bin/python
[0m13:22:17.601917 [info ] [MainThread]: os info: Linux-5.15.133.1-microsoft-standard-WSL2-x86_64-with-glibc2.31
[0m13:22:17.765776 [info ] [MainThread]: Using profiles dir at /home/vscode/.dbt
[0m13:22:17.767576 [info ] [MainThread]: Using profiles.yml file at /home/vscode/.dbt/profiles.yml
[0m13:22:17.769242 [info ] [MainThread]: Using dbt_project.yml file at /workspaces/dc_dbt/dbt_project.yml
[0m13:22:17.770974 [info ] [MainThread]: adapter type: postgres
[0m13:22:17.772525 [info ] [MainThread]: adapter version: 1.7.0
[0m13:22:17.774522 [info ] [MainThread]: Configuration:
[0m13:22:17.776531 [info ] [MainThread]:   profiles.yml file [[32mOK found and valid[0m]
[0m13:22:17.778668 [info ] [MainThread]:   dbt_project.yml file [[31mERROR not found[0m]
[0m13:22:17.780975 [info ] [MainThread]: Required dependencies:
[0m13:22:17.784933 [debug] [MainThread]: Executing "git --help"
[0m13:22:17.791713 [debug] [MainThread]: STDOUT: "b"usage: git [-v | --version] [-h | --help] [-C <path>] [-c <name>=<value>]\n           [--exec-path[=<path>]] [--html-path] [--man-path] [--info-path]\n           [-p | --paginate | -P | --no-pager] [--no-replace-objects] [--bare]\n           [--git-dir=<path>] [--work-tree=<path>] [--namespace=<name>]\n           [--config-env=<name>=<envvar>] <command> [<args>]\n\nThese are common Git commands used in various situations:\n\nstart a working area (see also: git help tutorial)\n   clone     Clone a repository into a new directory\n   init      Create an empty Git repository or reinitialize an existing one\n\nwork on the current change (see also: git help everyday)\n   add       Add file contents to the index\n   mv        Move or rename a file, a directory, or a symlink\n   restore   Restore working tree files\n   rm        Remove files from the working tree and from the index\n\nexamine the history and state (see also: git help revisions)\n   bisect    Use binary search to find the commit that introduced a bug\n   diff      Show changes between commits, commit and working tree, etc\n   grep      Print lines matching a pattern\n   log       Show commit logs\n   show      Show various types of objects\n   status    Show the working tree status\n\ngrow, mark and tweak your common history\n   branch    List, create, or delete branches\n   commit    Record changes to the repository\n   merge     Join two or more development histories together\n   rebase    Reapply commits on top of another base tip\n   reset     Reset current HEAD to the specified state\n   switch    Switch branches\n   tag       Create, list, delete or verify a tag object signed with GPG\n\ncollaborate (see also: git help workflows)\n   fetch     Download objects and refs from another repository\n   pull      Fetch from and integrate with another repository or a local branch\n   push      Update remote refs along with associated objects\n\n'git help -a' and 'git help -g' list available subcommands and some\nconcept guides. See 'git help <command>' or 'git help <concept>'\nto read about a specific subcommand or concept.\nSee 'git help git' for an overview of the system.\n""
[0m13:22:17.793716 [debug] [MainThread]: STDERR: "b''"
[0m13:22:17.796360 [info ] [MainThread]:  - git [[32mOK found[0m]

[0m13:22:17.798791 [info ] [MainThread]: Connection:
[0m13:22:17.800872 [info ] [MainThread]:   host: 172.20.0.3
[0m13:22:17.802762 [info ] [MainThread]:   port: 5432
[0m13:22:17.806919 [info ] [MainThread]:   user: postgres
[0m13:22:17.810129 [info ] [MainThread]:   database: postgres
[0m13:22:17.813764 [info ] [MainThread]:   schema: dev
[0m13:22:17.817106 [info ] [MainThread]:   connect_timeout: 10
[0m13:22:17.820363 [info ] [MainThread]:   role: None
[0m13:22:17.822660 [info ] [MainThread]:   search_path: None
[0m13:22:17.825832 [info ] [MainThread]:   keepalives_idle: 0
[0m13:22:17.829183 [info ] [MainThread]:   sslmode: None
[0m13:22:17.833275 [info ] [MainThread]:   sslcert: None
[0m13:22:17.836451 [info ] [MainThread]:   sslkey: None
[0m13:22:17.840340 [info ] [MainThread]:   sslrootcert: None
[0m13:22:17.843984 [info ] [MainThread]:   application_name: dbt
[0m13:22:17.846432 [info ] [MainThread]:   retries: 1
[0m13:22:17.849987 [info ] [MainThread]: Registered adapter: postgres=1.7.0
[0m13:22:17.854736 [debug] [MainThread]: Acquiring new postgres connection 'debug'
[0m13:22:17.857670 [debug] [MainThread]: Using postgres connection "debug"
[0m13:22:17.860311 [debug] [MainThread]: On debug: select 1 as id
[0m13:22:17.861996 [debug] [MainThread]: Opening a new connection, currently in state init
[0m13:22:17.898168 [debug] [MainThread]: SQL status: SELECT 1 in 0.0 seconds
[0m13:22:17.900426 [debug] [MainThread]: On debug: Close
[0m13:22:17.901754 [info ] [MainThread]:   Connection test: [[32mOK connection ok[0m]

[0m13:22:17.903151 [info ] [MainThread]: [31m1 check failed:[0m
[0m13:22:17.905090 [info ] [MainThread]: Project loading failed for the following reason:
 project path </workspaces/dc_dbt/dbt_project.yml> not found

[0m13:22:17.907499 [debug] [MainThread]: Resource report: {"command_name": "debug", "command_wall_clock_time": 0.3828396, "process_user_time": 3.033667, "process_kernel_time": 0.180814, "process_mem_max_rss": "100392", "command_success": false, "process_in_blocks": "0", "process_out_blocks": "0"}
[0m13:22:17.909280 [debug] [MainThread]: Command `dbt debug` failed at 13:22:17.908888 after 0.38 seconds
[0m13:22:17.910909 [debug] [MainThread]: Connection 'debug' was properly closed.
[0m13:22:17.912661 [debug] [MainThread]: Sending event: {'category': 'dbt', 'action': 'invocation', 'label': 'end', 'context': [<snowplow_tracker.self_describing_json.SelfDescribingJson object at 0x7fe385885e20>, <snowplow_tracker.self_describing_json.SelfDescribingJson object at 0x7fe3863c3440>, <snowplow_tracker.self_describing_json.SelfDescribingJson object at 0x7fe3859ef8c0>]}
[0m13:22:17.914562 [debug] [MainThread]: Flushing usage events
